# JRE version: Java(TM) SE Runtime Environment (8.0_181-b13) (build 1.8.0_181-b13)
# Java VM: Dynamic Code Evolution 64-Bit Server VM (25.71-b01-dcevmlight-26 mixed mode bsd-amd64 compressed oops)
Heap:
 def new generation   total 130368K, used 50329K [0x00000006c0000000, 0x00000006c8d70000, 0x0000000715550000)
  eden space 115904K,  37% used [0x00000006c0000000, 0x00000006c2ad8730, 0x00000006c7130000)
  from space 14464K,  44% used [0x00000006c7130000, 0x00000006c777dfa8, 0x00000006c7f50000)
  to   space 14464K,   0% used [0x00000006c7f50000, 0x00000006c7f50000, 0x00000006c8d70000)
 tenured generation   total 289476K, used 212809K [0x0000000715550000, 0x0000000727001000, 0x00000007c0000000)
   the space 289476K,  73% used [0x0000000715550000, 0x0000000722522538, 0x0000000722522600, 0x0000000727001000)
 Metaspace       used 173527K, capacity 176098K, committed 176456K, reserved 1204224K
  class space    used 20336K, capacity 20983K, committed 21064K, reserved 1048576K
GC Heap History (10 events):
Event: 3951.981 GC heap before
{Heap before GC invocations=162 (full 6):
 def new generation   total 130368K, used 122191K [0x00000006c0000000, 0x00000006c8d70000, 0x0000000715550000)
  eden space 115904K, 100% used [0x00000006c0000000, 0x00000006c7130000, 0x00000006c7130000)
  from space 14464K,  43% used [0x00000006c7f50000, 0x00000006c8573fd0, 0x00000006c8d70000)
  to   space 14464K,   0% used [0x00000006c7130000, 0x00000006c7130000, 0x00000006c7f50000)
 tenured generation   total 289476K, used 182040K [0x0000000715550000, 0x0000000727001000, 0x00000007c0000000)
   the space 289476K,  62% used [0x0000000715550000, 0x0000000720716220, 0x0000000720716400, 0x0000000727001000)
 Metaspace       used 170646K, capacity 173074K, committed 173128K, reserved 1202176K
  class space    used 20163K, capacity 20783K, committed 20808K, reserved 1048576K
Event: 3952.074 GC heap after
Heap after GC invocations=163 (full 6):
 def new generation   total 130368K, used 14464K [0x00000006c0000000, 0x00000006c8d70000, 0x0000000715550000)
  eden space 115904K,   0% used [0x00000006c0000000, 0x00000006c0000000, 0x00000006c7130000)
  from space 14464K, 100% used [0x00000006c7130000, 0x00000006c7f50000, 0x00000006c7f50000)
  to   space 14464K,   0% used [0x00000006c7f50000, 0x00000006c7f50000, 0x00000006c8d70000)
 tenured generation   total 289476K, used 185179K [0x0000000715550000, 0x0000000727001000, 0x00000007c0000000)
   the space 289476K,  63% used [0x0000000715550000, 0x0000000720a26da8, 0x0000000720a26e00, 0x0000000727001000)
 Metaspace       used 170646K, capacity 173074K, committed 173128K, reserved 1202176K
  class space    used 20163K, capacity 20783K, committed 20808K, reserved 1048576K
}
Event: 3959.185 GC heap before
{Heap before GC invocations=163 (full 6):
 def new generation   total 130368K, used 130368K [0x00000006c0000000, 0x00000006c8d70000, 0x0000000715550000)
  eden space 115904K, 100% used [0x00000006c0000000, 0x00000006c7130000, 0x00000006c7130000)
  from space 14464K, 100% used [0x00000006c7130000, 0x00000006c7f50000, 0x00000006c7f50000)
  to   space 14464K,   0% used [0x00000006c7f50000, 0x00000006c7f50000, 0x00000006c8d70000)
 tenured generation   total 289476K, used 185179K [0x0000000715550000, 0x0000000727001000, 0x00000007c0000000)
   the space 289476K,  63% used [0x0000000715550000, 0x0000000720a26da8, 0x0000000720a26e00, 0x0000000727001000)
 Metaspace       used 170786K, capacity 173248K, committed 173512K, reserved 1202176K
  class space    used 20176K, capacity 20828K, committed 20936K, reserved 1048576K
Event: 3959.247 GC heap after
Heap after GC invocations=164 (full 6):
 def new generation   total 130368K, used 4272K [0x00000006c0000000, 0x00000006c8d70000, 0x0000000715550000)
  eden space 115904K,   0% used [0x00000006c0000000, 0x00000006c0000000, 0x00000006c7130000)
  from space 14464K,  29% used [0x00000006c7f50000, 0x00000006c837c248, 0x00000006c8d70000)
  to   space 14464K,   0% used [0x00000006c7130000, 0x00000006c7130000, 0x00000006c7f50000)
 tenured generation   total 289476K, used 199318K [0x0000000715550000, 0x0000000727001000, 0x00000007c0000000)
   the space 289476K,  68% used [0x0000000715550000, 0x00000007217f5bd8, 0x00000007217f5c00, 0x0000000727001000)
 Metaspace       used 170786K, capacity 173248K, committed 173512K, reserved 1202176K
  class space    used 20176K, capacity 20828K, committed 20936K, reserved 1048576K
}
Event: 3960.203 GC heap before
{Heap before GC invocations=164 (full 6):
 def new generation   total 130368K, used 120176K [0x00000006c0000000, 0x00000006c8d70000, 0x0000000715550000)
  eden space 115904K, 100% used [0x00000006c0000000, 0x00000006c7130000, 0x00000006c7130000)
  from space 14464K,  29% used [0x00000006c7f50000, 0x00000006c837c248, 0x00000006c8d70000)
  to   space 14464K,   0% used [0x00000006c7130000, 0x00000006c7130000, 0x00000006c7f50000)
 tenured generation   total 289476K, used 199318K [0x0000000715550000, 0x0000000727001000, 0x00000007c0000000)
   the space 289476K,  68% used [0x0000000715550000, 0x00000007217f5bd8, 0x00000007217f5c00, 0x0000000727001000)
 Metaspace       used 170989K, capacity 173516K, committed 173768K, reserved 1202176K
  class space    used 20177K, capacity 20830K, committed 20936K, reserved 1048576K
Event: 3960.263 GC heap after
Heap after GC invocations=165 (full 6):
 def new generation   total 130368K, used 13789K [0x00000006c0000000, 0x00000006c8d70000, 0x0000000715550000)
  eden space 115904K,   0% used [0x00000006c0000000, 0x00000006c0000000, 0x00000006c7130000)
  from space 14464K,  95% used [0x00000006c7130000, 0x00000006c7ea7678, 0x00000006c7f50000)
  to   space 14464K,   0% used [0x00000006c7f50000, 0x00000006c7f50000, 0x00000006c8d70000)
 tenured generation   total 289476K, used 199318K [0x0000000715550000, 0x0000000727001000, 0x00000007c0000000)
   the space 289476K,  68% used [0x0000000715550000, 0x00000007217f5bd8, 0x00000007217f5c00, 0x0000000727001000)
 Metaspace       used 170989K, capacity 173516K, committed 173768K, reserved 1202176K
  class space    used 20177K, capacity 20830K, committed 20936K, reserved 1048576K
}
Event: 3962.036 GC heap before
{Heap before GC invocations=165 (full 6):
 def new generation   total 130368K, used 129693K [0x00000006c0000000, 0x00000006c8d70000, 0x0000000715550000)
  eden space 115904K, 100% used [0x00000006c0000000, 0x00000006c7130000, 0x00000006c7130000)
  from space 14464K,  95% used [0x00000006c7130000, 0x00000006c7ea7678, 0x00000006c7f50000)
  to   space 14464K,   0% used [0x00000006c7f50000, 0x00000006c7f50000, 0x00000006c8d70000)
 tenured generation   total 289476K, used 199318K [0x0000000715550000, 0x0000000727001000, 0x00000007c0000000)
   the space 289476K,  68% used [0x0000000715550000, 0x00000007217f5bd8, 0x00000007217f5c00, 0x0000000727001000)
 Metaspace       used 171916K, capacity 174450K, committed 174536K, reserved 1202176K
  class space    used 20257K, capacity 20911K, committed 20936K, reserved 1048576K
Event: 3962.126 GC heap after
Heap after GC invocations=166 (full 6):
 def new generation   total 130368K, used 6164K [0x00000006c0000000, 0x00000006c8d70000, 0x0000000715550000)
  eden space 115904K,   0% used [0x00000006c0000000, 0x00000006c0000000, 0x00000006c7130000)
  from space 14464K,  42% used [0x00000006c7f50000, 0x00000006c8555088, 0x00000006c8d70000)
  to   space 14464K,   0% used [0x00000006c7130000, 0x00000006c7130000, 0x00000006c7f50000)
 tenured generation   total 289476K, used 212809K [0x0000000715550000, 0x0000000727001000, 0x00000007c0000000)
   the space 289476K,  73% used [0x0000000715550000, 0x0000000722522538, 0x0000000722522600, 0x0000000727001000)
 Metaspace       used 171916K, capacity 174450K, committed 174536K, reserved 1202176K
  class space    used 20257K, capacity 20911K, committed 20936K, reserved 1048576K
}
Event: 3962.979 GC heap before
{Heap before GC invocations=166 (full 6):
 def new generation   total 130368K, used 122068K [0x00000006c0000000, 0x00000006c8d70000, 0x0000000715550000)
  eden space 115904K, 100% used [0x00000006c0000000, 0x00000006c7130000, 0x00000006c7130000)
  from space 14464K,  42% used [0x00000006c7f50000, 0x00000006c8555088, 0x00000006c8d70000)
  to   space 14464K,   0% used [0x00000006c7130000, 0x00000006c7130000, 0x00000006c7f50000)
 tenured generation   total 289476K, used 212809K [0x0000000715550000, 0x0000000727001000, 0x00000007c0000000)
   the space 289476K,  73% used [0x0000000715550000, 0x0000000722522538, 0x0000000722522600, 0x0000000727001000)
 Metaspace       used 173032K, capacity 175632K, committed 175944K, reserved 1204224K
  class space    used 20310K, capacity 20980K, committed 21064K, reserved 1048576K
Event: 3963.006 GC heap after
Heap after GC invocations=167 (full 6):
 def new generation   total 130368K, used 6455K [0x00000006c0000000, 0x00000006c8d70000, 0x0000000715550000)
  eden space 115904K,   0% used [0x00000006c0000000, 0x00000006c0000000, 0x00000006c7130000)
  from space 14464K,  44% used [0x00000006c7130000, 0x00000006c777dfa8, 0x00000006c7f50000)
  to   space 14464K,   0% used [0x00000006c7f50000, 0x00000006c7f50000, 0x00000006c8d70000)
 tenured generation   total 289476K, used 212809K [0x0000000715550000, 0x0000000727001000, 0x00000007c0000000)
   the space 289476K,  73% used [0x0000000715550000, 0x0000000722522538, 0x0000000722522600, 0x0000000727001000)
 Metaspace       used 173032K, capacity 175632K, committed 175944K, reserved 1204224K
  class space    used 20310K, capacity 20980K, committed 21064K, reserved 1048576K
}

