# JRE version: Java(TM) SE Runtime Environment (8.0_40-b25) (build 1.8.0_40-b25)
# Java VM: Java HotSpot(TM) 64-Bit Server VM (25.40-b25 mixed mode bsd-amd64 compressed oops)
Heap:
 PSYoungGen      total 568832K, used 27724K [0x0000000795580000, 0x00000007b8a00000, 0x00000007c0000000)
  eden space 565760K, 4% used [0x0000000795580000,0x0000000796d931b8,0x00000007b7e00000)
  from space 3072K, 100% used [0x00000007b8280000,0x00000007b8580000,0x00000007b8580000)
  to   space 4608K, 0% used [0x00000007b7e00000,0x00000007b7e00000,0x00000007b8280000)
 ParOldGen       total 327168K, used 264648K [0x0000000740000000, 0x0000000753f80000, 0x0000000795580000)
  object space 327168K, 80% used [0x0000000740000000,0x0000000750272310,0x0000000753f80000)
 Metaspace       used 208373K, capacity 210936K, committed 211276K, reserved 1232896K
  class space    used 26412K, capacity 26922K, committed 27008K, reserved 1048576K
GC Heap History (10 events):
Event: 10962.479 GC heap before
{Heap before GC invocations=128 (full 6):
 PSYoungGen      total 565248K, used 561856K [0x0000000795580000, 0x00000007b8300000, 0x00000007c0000000)
  eden space 561152K, 100% used [0x0000000795580000,0x00000007b7980000,0x00000007b7980000)
  from space 4096K, 17% used [0x00000007b7980000,0x00000007b7a30000,0x00000007b7d80000)
  to   space 3584K, 0% used [0x00000007b7f80000,0x00000007b7f80000,0x00000007b8300000)
 ParOldGen       total 327168K, used 262714K [0x0000000740000000, 0x0000000753f80000, 0x0000000795580000)
  object space 327168K, 80% used [0x0000000740000000,0x000000075008e868,0x0000000753f80000)
 Metaspace       used 208303K, capacity 210898K, committed 211276K, reserved 1232896K
  class space    used 26406K, capacity 26888K, committed 27008K, reserved 1048576K
Event: 10962.613 GC heap after
Heap after GC invocations=128 (full 6):
 PSYoungGen      total 567296K, used 576K [0x0000000795580000, 0x00000007b8380000, 0x00000007c0000000)
  eden space 563712K, 0% used [0x0000000795580000,0x0000000795580000,0x00000007b7c00000)
  from space 3584K, 16% used [0x00000007b7f80000,0x00000007b8010000,0x00000007b8300000)
  to   space 3584K, 0% used [0x00000007b7c00000,0x00000007b7c00000,0x00000007b7f80000)
 ParOldGen       total 327168K, used 262714K [0x0000000740000000, 0x0000000753f80000, 0x0000000795580000)
  object space 327168K, 80% used [0x0000000740000000,0x000000075008e868,0x0000000753f80000)
 Metaspace       used 208303K, capacity 210898K, committed 211276K, reserved 1232896K
  class space    used 26406K, capacity 26888K, committed 27008K, reserved 1048576K
}
Event: 11116.563 GC heap before
{Heap before GC invocations=129 (full 6):
 PSYoungGen      total 567296K, used 564288K [0x0000000795580000, 0x00000007b8380000, 0x00000007c0000000)
  eden space 563712K, 100% used [0x0000000795580000,0x00000007b7c00000,0x00000007b7c00000)
  from space 3584K, 16% used [0x00000007b7f80000,0x00000007b8010000,0x00000007b8300000)
  to   space 3584K, 0% used [0x00000007b7c00000,0x00000007b7c00000,0x00000007b7f80000)
 ParOldGen       total 327168K, used 262714K [0x0000000740000000, 0x0000000753f80000, 0x0000000795580000)
  object space 327168K, 80% used [0x0000000740000000,0x000000075008e868,0x0000000753f80000)
 Metaspace       used 208303K, capacity 210898K, committed 211276K, reserved 1232896K
  class space    used 26406K, capacity 26888K, committed 27008K, reserved 1048576K
Event: 11116.570 GC heap after
Heap after GC invocations=129 (full 6):
 PSYoungGen      total 567296K, used 576K [0x0000000795580000, 0x00000007b8580000, 0x00000007c0000000)
  eden space 563712K, 0% used [0x0000000795580000,0x0000000795580000,0x00000007b7c00000)
  from space 3584K, 16% used [0x00000007b7c00000,0x00000007b7c90000,0x00000007b7f80000)
  to   space 3584K, 0% used [0x00000007b8200000,0x00000007b8200000,0x00000007b8580000)
 ParOldGen       total 327168K, used 262714K [0x0000000740000000, 0x0000000753f80000, 0x0000000795580000)
  object space 327168K, 80% used [0x0000000740000000,0x000000075008e868,0x0000000753f80000)
 Metaspace       used 208303K, capacity 210898K, committed 211276K, reserved 1232896K
  class space    used 26406K, capacity 26888K, committed 27008K, reserved 1048576K
}
Event: 11268.634 GC heap before
{Heap before GC invocations=130 (full 6):
 PSYoungGen      total 567296K, used 564288K [0x0000000795580000, 0x00000007b8580000, 0x00000007c0000000)
  eden space 563712K, 100% used [0x0000000795580000,0x00000007b7c00000,0x00000007b7c00000)
  from space 3584K, 16% used [0x00000007b7c00000,0x00000007b7c90000,0x00000007b7f80000)
  to   space 3584K, 0% used [0x00000007b8200000,0x00000007b8200000,0x00000007b8580000)
 ParOldGen       total 327168K, used 262714K [0x0000000740000000, 0x0000000753f80000, 0x0000000795580000)
  object space 327168K, 80% used [0x0000000740000000,0x000000075008e868,0x0000000753f80000)
 Metaspace       used 208303K, capacity 210898K, committed 211276K, reserved 1232896K
  class space    used 26406K, capacity 26888K, committed 27008K, reserved 1048576K
Event: 11268.645 GC heap after
Heap after GC invocations=130 (full 6):
 PSYoungGen      total 567808K, used 640K [0x0000000795580000, 0x00000007b8400000, 0x00000007c0000000)
  eden space 565760K, 0% used [0x0000000795580000,0x0000000795580000,0x00000007b7e00000)
  from space 2048K, 31% used [0x00000007b8200000,0x00000007b82a0000,0x00000007b8400000)
  to   space 3072K, 0% used [0x00000007b7e00000,0x00000007b7e00000,0x00000007b8100000)
 ParOldGen       total 327168K, used 262714K [0x0000000740000000, 0x0000000753f80000, 0x0000000795580000)
  object space 327168K, 80% used [0x0000000740000000,0x000000075008e868,0x0000000753f80000)
 Metaspace       used 208303K, capacity 210898K, committed 211276K, reserved 1232896K
  class space    used 26406K, capacity 26888K, committed 27008K, reserved 1048576K
}
Event: 11423.732 GC heap before
{Heap before GC invocations=131 (full 6):
 PSYoungGen      total 567808K, used 566400K [0x0000000795580000, 0x00000007b8400000, 0x00000007c0000000)
  eden space 565760K, 100% used [0x0000000795580000,0x00000007b7e00000,0x00000007b7e00000)
  from space 2048K, 31% used [0x00000007b8200000,0x00000007b82a0000,0x00000007b8400000)
  to   space 3072K, 0% used [0x00000007b7e00000,0x00000007b7e00000,0x00000007b8100000)
 ParOldGen       total 327168K, used 262714K [0x0000000740000000, 0x0000000753f80000, 0x0000000795580000)
  object space 327168K, 80% used [0x0000000740000000,0x000000075008e868,0x0000000753f80000)
 Metaspace       used 208304K, capacity 210898K, committed 211276K, reserved 1232896K
  class space    used 26406K, capacity 26888K, committed 27008K, reserved 1048576K
Event: 11423.740 GC heap after
Heap after GC invocations=131 (full 6):
 PSYoungGen      total 568832K, used 544K [0x0000000795580000, 0x00000007b8580000, 0x00000007c0000000)
  eden space 565760K, 0% used [0x0000000795580000,0x0000000795580000,0x00000007b7e00000)
  from space 3072K, 17% used [0x00000007b7e00000,0x00000007b7e88000,0x00000007b8100000)
  to   space 3072K, 0% used [0x00000007b8280000,0x00000007b8280000,0x00000007b8580000)
 ParOldGen       total 327168K, used 262714K [0x0000000740000000, 0x0000000753f80000, 0x0000000795580000)
  object space 327168K, 80% used [0x0000000740000000,0x000000075008e868,0x0000000753f80000)
 Metaspace       used 208304K, capacity 210898K, committed 211276K, reserved 1232896K
  class space    used 26406K, capacity 26888K, committed 27008K, reserved 1048576K
}
Event: 11520.652 GC heap before
{Heap before GC invocations=132 (full 6):
 PSYoungGen      total 568832K, used 566304K [0x0000000795580000, 0x00000007b8580000, 0x00000007c0000000)
  eden space 565760K, 100% used [0x0000000795580000,0x00000007b7e00000,0x00000007b7e00000)
  from space 3072K, 17% used [0x00000007b7e00000,0x00000007b7e88000,0x00000007b8100000)
  to   space 3072K, 0% used [0x00000007b8280000,0x00000007b8280000,0x00000007b8580000)
 ParOldGen       total 327168K, used 262714K [0x0000000740000000, 0x0000000753f80000, 0x0000000795580000)
  object space 327168K, 80% used [0x0000000740000000,0x000000075008e868,0x0000000753f80000)
 Metaspace       used 208370K, capacity 210936K, committed 211276K, reserved 1232896K
  class space    used 26412K, capacity 26922K, committed 27008K, reserved 1048576K
Event: 11520.785 GC heap after
Heap after GC invocations=132 (full 6):
 PSYoungGen      total 568832K, used 3072K [0x0000000795580000, 0x00000007b8a00000, 0x00000007c0000000)
  eden space 565760K, 0% used [0x0000000795580000,0x0000000795580000,0x00000007b7e00000)
  from space 3072K, 100% used [0x00000007b8280000,0x00000007b8580000,0x00000007b8580000)
  to   space 4608K, 0% used [0x00000007b7e00000,0x00000007b7e00000,0x00000007b8280000)
 ParOldGen       total 327168K, used 264648K [0x0000000740000000, 0x0000000753f80000, 0x0000000795580000)
  object space 327168K, 80% used [0x0000000740000000,0x0000000750272310,0x0000000753f80000)
 Metaspace       used 208370K, capacity 210936K, committed 211276K, reserved 1232896K
  class space    used 26412K, capacity 26922K, committed 27008K, reserved 1048576K
}

